<?xml version="1.0" encoding="UTF-8"?>
<!-- Generated by org.testng.reporters.JUnitReportReporter -->
<testsuite skipped="0" hostname="mayank90221" name="com.crawl.test.FindJobsTest" tests="3" failures="0" timestamp="27 Aug 2018 12:29:03 GMT" time="14.143" errors="0">
  <testcase name="findAllLinks" time="2.804" classname="com.crawl.test.FindJobsTest"/>
  <testcase name="addKeywordsAndSearch" time="5.858" classname="com.crawl.test.FindJobsTest"/>
  <testcase name="launchBrowser" time="5.481" classname="com.crawl.test.FindJobsTest"/>
</testsuite> <!-- com.crawl.test.FindJobsTest -->
